<?xml version="1.0" encoding="UTF-8"?>
<testng-results ignored="0" total="6" passed="5" failed="1" skipped="0">
  <reporter-output>
  </reporter-output>
  <suite started-at="2022-01-20T22:31:20 IST" name="Surefire suite" finished-at="2022-01-20T22:32:24 IST" duration-ms="64107">
    <groups>
    </groups>
    <test started-at="2022-01-20T22:31:20 IST" name="Surefire test" finished-at="2022-01-20T22:32:24 IST" duration-ms="64107">
      <class name="contact.ErrorMessageTest">
        <test-method is-config="true" signature="openBrowser()[pri:0, instance:contact.ErrorMessageTest@107e5441]" started-at="2022-01-20T22:31:44 IST" name="openBrowser" finished-at="2022-01-20T22:31:57 IST" duration-ms="12849" status="PASS">
          <reporter-output>
          </reporter-output>
        </test-method> <!-- openBrowser -->
        <test-method signature="initImpl()[pri:0, instance:contact.ErrorMessageTest@107e5441]" started-at="2022-01-20T22:31:57 IST" name="initImpl" finished-at="2022-01-20T22:31:57 IST" duration-ms="3" status="PASS">
          <reporter-output>
          </reporter-output>
        </test-method> <!-- initImpl -->
        <test-method signature="test_to_enter_invalid_mail_and_get_error_message()[pri:0, instance:contact.ErrorMessageTest@107e5441]" started-at="2022-01-20T22:31:57 IST" name="test_to_enter_invalid_mail_and_get_error_message" finished-at="2022-01-20T22:32:03 IST" depends-on-methods="contact.ErrorMessageTest.initImpl" duration-ms="6183" status="PASS">
          <reporter-output>
          </reporter-output>
        </test-method> <!-- test_to_enter_invalid_mail_and_get_error_message -->
        <test-method is-config="true" signature="close()[pri:0, instance:contact.ErrorMessageTest@107e5441]" started-at="2022-01-20T22:32:03 IST" name="close" finished-at="2022-01-20T22:32:03 IST" duration-ms="116" status="PASS">
          <reporter-output>
          </reporter-output>
        </test-method> <!-- close -->
      </class> <!-- contact.ErrorMessageTest -->
      <class name="contact.SuccessMessageTest">
        <test-method is-config="true" signature="openBrowser()[pri:0, instance:contact.SuccessMessageTest@907f2b7]" started-at="2022-01-20T22:31:20 IST" name="openBrowser" finished-at="2022-01-20T22:31:34 IST" duration-ms="14814" status="PASS">
          <reporter-output>
          </reporter-output>
        </test-method> <!-- openBrowser -->
        <test-method signature="initImpl()[pri:0, instance:contact.SuccessMessageTest@907f2b7]" started-at="2022-01-20T22:31:34 IST" name="initImpl" finished-at="2022-01-20T22:31:35 IST" duration-ms="111" status="PASS">
          <reporter-output>
          </reporter-output>
        </test-method> <!-- initImpl -->
        <test-method signature="test_to_enter_valid_mail_and_get_success_message()[pri:0, instance:contact.SuccessMessageTest@907f2b7]" started-at="2022-01-20T22:31:35 IST" name="test_to_enter_valid_mail_and_get_success_message" finished-at="2022-01-20T22:31:44 IST" depends-on-methods="contact.SuccessMessageTest.initImpl" duration-ms="9301" status="PASS">
          <reporter-output>
          </reporter-output>
        </test-method> <!-- test_to_enter_valid_mail_and_get_success_message -->
        <test-method is-config="true" signature="close()[pri:0, instance:contact.SuccessMessageTest@907f2b7]" started-at="2022-01-20T22:31:44 IST" name="close" finished-at="2022-01-20T22:31:44 IST" duration-ms="114" status="PASS">
          <reporter-output>
          </reporter-output>
        </test-method> <!-- close -->
      </class> <!-- contact.SuccessMessageTest -->
      <class name="addtocart.AddtoCartTest">
        <test-method is-config="true" signature="openBrowser()[pri:0, instance:addtocart.AddtoCartTest@4aeaadc1]" started-at="2022-01-20T22:32:03 IST" name="openBrowser" finished-at="2022-01-20T22:32:16 IST" duration-ms="12281" status="PASS">
          <reporter-output>
          </reporter-output>
        </test-method> <!-- openBrowser -->
        <test-method signature="initImpl()[pri:0, instance:addtocart.AddtoCartTest@4aeaadc1]" started-at="2022-01-20T22:32:16 IST" name="initImpl" finished-at="2022-01-20T22:32:16 IST" duration-ms="8" status="PASS">
          <reporter-output>
          </reporter-output>
        </test-method> <!-- initImpl -->
        <test-method signature="add_to_cart_and_verify_name_and_price()[pri:0, instance:addtocart.AddtoCartTest@4aeaadc1]" started-at="2022-01-20T22:32:16 IST" name="add_to_cart_and_verify_name_and_price" finished-at="2022-01-20T22:32:24 IST" depends-on-methods="addtocart.AddtoCartTest.initImpl" duration-ms="8114" status="FAIL">
          <exception class="org.openqa.selenium.ElementNotInteractableException">
            <message>
              <![CDATA[element not interactable
  (Session info: chrome=96.0.4664.110)
Build info: version: '3.141.59', revision: 'e82be7d358', time: '2018-11-14T08:17:03'
System info: host: 'ndi-mb-250', ip: '2401:4900:2eeb:8ce1:3973:7f94:2a41:6d5f%en0', os.name: 'Mac OS X', os.arch: 'aarch64', os.version: '12.1', java.version: '17.0.1'
Driver info: org.openqa.selenium.chrome.ChromeDriver
Capabilities {acceptInsecureCerts: false, browserName: chrome, browserVersion: 96.0.4664.110, chrome: {chromedriverVersion: 96.0.4664.45 (76e4c1bb2ab46..., userDataDir: /var/folders/59/0fkht2_n4k7...}, goog:chromeOptions: {debuggerAddress: localhost:59743}, javascriptEnabled: true, networkConnectionEnabled: false, pageLoadStrategy: normal, platform: MAC, platformName: MAC, proxy: Proxy(), setWindowRect: true, strictFileInteractability: false, timeouts: {implicit: 0, pageLoad: 300000, script: 30000}, unhandledPromptBehavior: dismiss and notify, webauthn:extension:credBlob: true, webauthn:extension:largeBlob: true, webauthn:virtualAuthenticators: true}
Session ID: f808588478a52a99b11b3d2d40efe437]]>
            </message>
            <full-stacktrace>
              <![CDATA[org.openqa.selenium.ElementNotInteractableException: element not interactable
  (Session info: chrome=96.0.4664.110)
Build info: version: '3.141.59', revision: 'e82be7d358', time: '2018-11-14T08:17:03'
System info: host: 'ndi-mb-250', ip: '2401:4900:2eeb:8ce1:3973:7f94:2a41:6d5f%en0', os.name: 'Mac OS X', os.arch: 'aarch64', os.version: '12.1', java.version: '17.0.1'
Driver info: org.openqa.selenium.chrome.ChromeDriver
Capabilities {acceptInsecureCerts: false, browserName: chrome, browserVersion: 96.0.4664.110, chrome: {chromedriverVersion: 96.0.4664.45 (76e4c1bb2ab46..., userDataDir: /var/folders/59/0fkht2_n4k7...}, goog:chromeOptions: {debuggerAddress: localhost:59743}, javascriptEnabled: true, networkConnectionEnabled: false, pageLoadStrategy: normal, platform: MAC, platformName: MAC, proxy: Proxy(), setWindowRect: true, strictFileInteractability: false, timeouts: {implicit: 0, pageLoad: 300000, script: 30000}, unhandledPromptBehavior: dismiss and notify, webauthn:extension:credBlob: true, webauthn:extension:largeBlob: true, webauthn:virtualAuthenticators: true}
Session ID: f808588478a52a99b11b3d2d40efe437
at java.base/jdk.internal.reflect.NativeConstructorAccessorImpl.newInstance0(Native Method)
at java.base/jdk.internal.reflect.NativeConstructorAccessorImpl.newInstance(NativeConstructorAccessorImpl.java:77)
at java.base/jdk.internal.reflect.DelegatingConstructorAccessorImpl.newInstance(DelegatingConstructorAccessorImpl.java:45)
at java.base/java.lang.reflect.Constructor.newInstanceWithCaller(Constructor.java:499)
at java.base/java.lang.reflect.Constructor.newInstance(Constructor.java:480)
at org.openqa.selenium.remote.http.W3CHttpResponseCodec.createException(W3CHttpResponseCodec.java:187)
at org.openqa.selenium.remote.http.W3CHttpResponseCodec.decode(W3CHttpResponseCodec.java:122)
at org.openqa.selenium.remote.http.W3CHttpResponseCodec.decode(W3CHttpResponseCodec.java:49)
at org.openqa.selenium.remote.HttpCommandExecutor.execute(HttpCommandExecutor.java:158)
at org.openqa.selenium.remote.service.DriverCommandExecutor.execute(DriverCommandExecutor.java:83)
at org.openqa.selenium.remote.RemoteWebDriver.execute(RemoteWebDriver.java:552)
at org.openqa.selenium.remote.RemoteWebElement.execute(RemoteWebElement.java:285)
at org.openqa.selenium.remote.RemoteWebElement.click(RemoteWebElement.java:84)
at utils.BasicActions.click(BasicActions.java:30)
at page_functions.ShopCartPageImpl.clickDresses(ShopCartPageImpl.java:26)
at addtocart.AddtoCartTest.add_to_cart_and_verify_name_and_price(AddtoCartTest.java:28)
at java.base/jdk.internal.reflect.NativeMethodAccessorImpl.invoke0(Native Method)
at java.base/jdk.internal.reflect.NativeMethodAccessorImpl.invoke(NativeMethodAccessorImpl.java:77)
at java.base/jdk.internal.reflect.DelegatingMethodAccessorImpl.invoke(DelegatingMethodAccessorImpl.java:43)
at java.base/java.lang.reflect.Method.invoke(Method.java:568)
at org.testng.internal.MethodInvocationHelper.invokeMethod(MethodInvocationHelper.java:133)
at org.testng.internal.TestInvoker.invokeMethod(TestInvoker.java:598)
at org.testng.internal.TestInvoker.invokeTestMethod(TestInvoker.java:173)
at org.testng.internal.MethodRunner.runInSequence(MethodRunner.java:46)
at org.testng.internal.TestInvoker$MethodInvocationAgent.invoke(TestInvoker.java:824)
at org.testng.internal.TestInvoker.invokeTestMethods(TestInvoker.java:146)
at org.testng.internal.TestMethodWorker.invokeTestMethods(TestMethodWorker.java:146)
at org.testng.internal.TestMethodWorker.run(TestMethodWorker.java:128)
at java.base/java.util.ArrayList.forEach(ArrayList.java:1511)
at org.testng.TestRunner.privateRun(TestRunner.java:794)
at org.testng.TestRunner.run(TestRunner.java:596)
at org.testng.SuiteRunner.runTest(SuiteRunner.java:377)
at org.testng.SuiteRunner.runSequentially(SuiteRunner.java:371)
at org.testng.SuiteRunner.privateRun(SuiteRunner.java:332)
at org.testng.SuiteRunner.run(SuiteRunner.java:276)
at org.testng.SuiteRunnerWorker.runSuite(SuiteRunnerWorker.java:53)
at org.testng.SuiteRunnerWorker.run(SuiteRunnerWorker.java:96)
at org.testng.TestNG.runSuitesSequentially(TestNG.java:1212)
at org.testng.TestNG.runSuitesLocally(TestNG.java:1134)
at org.testng.TestNG.runSuites(TestNG.java:1063)
at org.testng.TestNG.run(TestNG.java:1031)
at org.apache.maven.surefire.testng.TestNGExecutor.run(TestNGExecutor.java:135)
at org.apache.maven.surefire.testng.TestNGDirectoryTestSuite.executeMulti(TestNGDirectoryTestSuite.java:193)
at org.apache.maven.surefire.testng.TestNGDirectoryTestSuite.execute(TestNGDirectoryTestSuite.java:94)
at org.apache.maven.surefire.testng.TestNGProvider.invoke(TestNGProvider.java:146)
at org.apache.maven.surefire.booter.ForkedBooter.runSuitesInProcess(ForkedBooter.java:377)
at org.apache.maven.surefire.booter.ForkedBooter.execute(ForkedBooter.java:138)
at org.apache.maven.surefire.booter.ForkedBooter.run(ForkedBooter.java:465)
at org.apache.maven.surefire.booter.ForkedBooter.main(ForkedBooter.java:451)
]]>
            </full-stacktrace>
          </exception> <!-- org.openqa.selenium.ElementNotInteractableException -->
          <reporter-output>
          </reporter-output>
        </test-method> <!-- add_to_cart_and_verify_name_and_price -->
        <test-method is-config="true" signature="close()[pri:0, instance:addtocart.AddtoCartTest@4aeaadc1]" started-at="2022-01-20T22:32:24 IST" name="close" finished-at="2022-01-20T22:32:24 IST" duration-ms="119" status="PASS">
          <reporter-output>
          </reporter-output>
        </test-method> <!-- close -->
      </class> <!-- addtocart.AddtoCartTest -->
    </test> <!-- Surefire test -->
  </suite> <!-- Surefire suite -->
</testng-results>
