<?xml version="1.0" encoding="UTF-8"?>
<testsuite xmlns:xsi="http://www.w3.org/2001/XMLSchema-instance" xsi:noNamespaceSchemaLocation="https://maven.apache.org/surefire/maven-surefire-plugin/xsd/surefire-test-report-3.0.xsd" version="3.0" name="TestSuite" time="64.711" tests="7" errors="0" skipped="0" failures="1">
  <properties>
[...]
</properties>
  <testcase name="initImpl" classname="contact.SuccessMessageTest" time="0.113"/>
  <testcase name="test_to_enter_valid_mail_and_get_success_message" classname="contact.SuccessMessageTest" time="9.301"/>
  <testcase name="initImpl" classname="contact.ErrorMessageTest" time="0.004"/>
  <testcase name="test_to_enter_invalid_mail_and_get_error_message" classname="contact.ErrorMessageTest" time="6.184"/>
  <testcase name="initImpl" classname="addtocart.AddtoCartTest" time="0.008"/>
  <testcase name="add_to_cart_and_verify_name_and_price" classname="addtocart.AddtoCartTest" time="8.117">
    <failure message="element not interactable&#10;  (Session info: chrome=96.0.4664.110)&#10;Build info: version: &apos;3.141.59&apos;, revision: &apos;e82be7d358&apos;, time: &apos;2018-11-14T08:17:03&apos;&#10;System info: host: &apos;ndi-mb-250&apos;, ip: &apos;2401:4900:2eeb:8ce1:3973:7f94:2a41:6d5f%en0&apos;, os.name: &apos;Mac OS X&apos;, os.arch: &apos;aarch64&apos;, os.version: &apos;12.1&apos;, java.version: &apos;17.0.1&apos;&#10;Driver info: org.openqa.selenium.chrome.ChromeDriver&#10;Capabilities {acceptInsecureCerts: false, browserName: chrome, browserVersion: 96.0.4664.110, chrome: {chromedriverVersion: 96.0.4664.45 (76e4c1bb2ab46..., userDataDir: /var/folders/59/0fkht2_n4k7...}, goog:chromeOptions: {debuggerAddress: localhost:59743}, javascriptEnabled: true, networkConnectionEnabled: false, pageLoadStrategy: normal, platform: MAC, platformName: MAC, proxy: Proxy(), setWindowRect: true, strictFileInteractability: false, timeouts: {implicit: 0, pageLoad: 300000, script: 30000}, unhandledPromptBehavior: dismiss and notify, webauthn:extension:credBlob: true, webauthn:extension:largeBlob: true, webauthn:virtualAuthenticators: true}&#10;Session ID: f808588478a52a99b11b3d2d40efe437" type="org.openqa.selenium.ElementNotInteractableException"><![CDATA[org.openqa.selenium.ElementNotInteractableException: 
element not interactable
  (Session info: chrome=96.0.4664.110)
Build info: version: '3.141.59', revision: 'e82be7d358', time: '2018-11-14T08:17:03'
System info: host: 'ndi-mb-250', ip: '2401:4900:2eeb:8ce1:3973:7f94:2a41:6d5f%en0', os.name: 'Mac OS X', os.arch: 'aarch64', os.version: '12.1', java.version: '17.0.1'
Driver info: org.openqa.selenium.chrome.ChromeDriver
Capabilities {acceptInsecureCerts: false, browserName: chrome, browserVersion: 96.0.4664.110, chrome: {chromedriverVersion: 96.0.4664.45 (76e4c1bb2ab46..., userDataDir: /var/folders/59/0fkht2_n4k7...}, goog:chromeOptions: {debuggerAddress: localhost:59743}, javascriptEnabled: true, networkConnectionEnabled: false, pageLoadStrategy: normal, platform: MAC, platformName: MAC, proxy: Proxy(), setWindowRect: true, strictFileInteractability: false, timeouts: {implicit: 0, pageLoad: 300000, script: 30000}, unhandledPromptBehavior: dismiss and notify, webauthn:extension:credBlob: true, webauthn:extension:largeBlob: true, webauthn:virtualAuthenticators: true}
Session ID: f808588478a52a99b11b3d2d40efe437
	at addtocart.AddtoCartTest.add_to_cart_and_verify_name_and_price(AddtoCartTest.java:28)
]]></failure>
    <system-out><![CDATA[[[Step logger]] ---Click on Dresses and then on Casual Dresses
]]></system-out>
  </testcase>
  <testcase name="shouldAnswerWithTrue on shouldAnswerWithTrue(org.example.AppTest)" classname="org.example.AppTest" time="0"/>
</testsuite>